Chapter08/app/build/outputs/logs/manifest-merger-debug-report.txt
-- Merging decision tree log ---
manifest
ADDED from src/main/AndroidManifest.xml:2:1-188:12
	package
		ADDED from src/main/AndroidManifest.xml:3:5-48
		INJECTED from src/main/AndroidManifest.xml
		INJECTED from src/main/AndroidManifest.xml
	android:versionName
		ADDED from src/main/AndroidManifest.xml:5:5-30
	android:versionCode
		ADDED from src/main/AndroidManifest.xml:4:5-28
		INJECTED from src/main/AndroidManifest.xml
		INJECTED from src/main/AndroidManifest.xml
	xmlns:android
		ADDED from src/main/AndroidManifest.xml:2:11-69
uses-permission#android.permission.INTERNET
ADDED from src/main/AndroidManifest.xml:7:5-67
	android:name
		ADDED from src/main/AndroidManifest.xml:7:22-64
uses-permission#android.permission.ACCESS_FINE_LOCATION
ADDED from src/main/AndroidManifest.xml:8:5-79
	android:name
		ADDED from src/main/AndroidManifest.xml:8:22-76
uses-permission#android.permission.ACCESS_COARSE_LOCATION
ADDED from src/main/AndroidManifest.xml:9:5-81
	android:name
		ADDED from src/main/AndroidManifest.xml:9:22-78
uses-sdk
ADDED from src/main/AndroidManifest.xml:11:5-13:41
	android:targetSdkVersion
		ADDED from src/main/AndroidManifest.xml:13:9-38
		INJECTED from src/main/AndroidManifest.xml
		INJECTED from src/main/AndroidManifest.xml
	android:minSdkVersion
		ADDED from src/main/AndroidManifest.xml:12:9-35
		INJECTED from src/main/AndroidManifest.xml
		INJECTED from src/main/AndroidManifest.xml
application
ADDED from src/main/AndroidManifest.xml:15:5-186:19
	android:label
		ADDED from src/main/AndroidManifest.xml:18:9-41
	android:allowBackup
		ADDED from src/main/AndroidManifest.xml:16:9-35
	android:icon
		ADDED from src/main/AndroidManifest.xml:17:9-45
	android:theme
		ADDED from src/main/AndroidManifest.xml:19:9-40
activity#jp.co.se.android.recipe.common.MainActivity
ADDED from src/main/AndroidManifest.xml:20:9-28:20
	android:label
		ADDED from src/main/AndroidManifest.xml:22:13-45
	android:name
		ADDED from src/main/AndroidManifest.xml:21:13-71
intent-filter#android.intent.action.MAIN+android.intent.category.LAUNCHER
ADDED from src/main/AndroidManifest.xml:23:13-27:29
action#android.intent.action.MAIN
ADDED from src/main/AndroidManifest.xml:24:17-69
	android:name
		ADDED from src/main/AndroidManifest.xml:24:25-66
category#android.intent.category.LAUNCHER
ADDED from src/main/AndroidManifest.xml:26:17-77
	android:name
		ADDED from src/main/AndroidManifest.xml:26:27-74
activity#jp.co.se.android.recipe.chapter08.Ch0801
ADDED from src/main/AndroidManifest.xml:29:9-37:20
	android:label
		ADDED from src/main/AndroidManifest.xml:31:13-47
	android:name
		ADDED from src/main/AndroidManifest.xml:30:13-68
intent-filter#android.intent.action.MAIN+android.intent.category.SAMPLE_CODE
ADDED from src/main/AndroidManifest.xml:32:13-36:29
category#android.intent.category.SAMPLE_CODE
ADDED from src/main/AndroidManifest.xml:35:17-80
	android:name
		ADDED from src/main/AndroidManifest.xml:35:27-77
activity#jp.co.se.android.recipe.chapter08.Ch0802
ADDED from src/main/AndroidManifest.xml:38:9-46:20
	android:label
		ADDED from src/main/AndroidManifest.xml:40:13-47
	android:name
		ADDED from src/main/AndroidManifest.xml:39:13-68
activity#jp.co.se.android.recipe.chapter08.Ch0803
ADDED from src/main/AndroidManifest.xml:47:9-55:20
	android:label
		ADDED from src/main/AndroidManifest.xml:49:13-47
	android:name
		ADDED from src/main/AndroidManifest.xml:48:13-68
activity#jp.co.se.android.recipe.chapter08.Ch0804
ADDED from src/main/AndroidManifest.xml:56:9-64:20
	android:label
		ADDED from src/main/AndroidManifest.xml:58:13-47
	android:name
		ADDED from src/main/AndroidManifest.xml:57:13-68
activity#jp.co.se.android.recipe.chapter08.Ch0805
ADDED from src/main/AndroidManifest.xml:65:9-73:20
	android:label
		ADDED from src/main/AndroidManifest.xml:67:13-47
	android:name
		ADDED from src/main/AndroidManifest.xml:66:13-68
activity#jp.co.se.android.recipe.chapter08.Ch0806
ADDED from src/main/AndroidManifest.xml:74:9-82:20
	android:label
		ADDED from src/main/AndroidManifest.xml:76:13-47
	android:name
		ADDED from src/main/AndroidManifest.xml:75:13-68
activity#jp.co.se.android.recipe.chapter08.Ch0807
ADDED from src/main/AndroidManifest.xml:83:9-91:20
	android:label
		ADDED from src/main/AndroidManifest.xml:85:13-47
	android:name
		ADDED from src/main/AndroidManifest.xml:84:13-68
activity#jp.co.se.android.recipe.chapter08.Ch0808
ADDED from src/main/AndroidManifest.xml:92:9-100:20
	android:label
		ADDED from src/main/AndroidManifest.xml:94:13-47
	android:name
		ADDED from src/main/AndroidManifest.xml:93:13-68
activity#jp.co.se.android.recipe.chapter08.Ch0809
ADDED from src/main/AndroidManifest.xml:101:9-109:20
	android:label
		ADDED from src/main/AndroidManifest.xml:103:13-47
	android:name
		ADDED from src/main/AndroidManifest.xml:102:13-68
activity#jp.co.se.android.recipe.chapter08.Ch0810
ADDED from src/main/AndroidManifest.xml:110:9-120:20
	android:label
		ADDED from src/main/AndroidManifest.xml:113:13-48
	android:windowSoftInputMode
		ADDED from src/main/AndroidManifest.xml:114:13-55
	android:configChanges
		ADDED from src/main/AndroidManifest.xml:112:13-90
	android:name
		ADDED from src/main/AndroidManifest.xml:111:13-68
activity#jp.co.se.android.recipe.chapter08.Ch0811
ADDED from src/main/AndroidManifest.xml:121:9-131:20
	android:label
		ADDED from src/main/AndroidManifest.xml:124:13-48
	android:windowSoftInputMode
		ADDED from src/main/AndroidManifest.xml:125:13-55
	android:configChanges
		ADDED from src/main/AndroidManifest.xml:123:13-90
	android:name
		ADDED from src/main/AndroidManifest.xml:122:13-68
activity#jp.co.se.android.recipe.chapter08.Ch0812
ADDED from src/main/AndroidManifest.xml:132:9-140:20
	android:label
		ADDED from src/main/AndroidManifest.xml:134:13-48
	android:name
		ADDED from src/main/AndroidManifest.xml:133:13-68
activity#jp.co.se.android.recipe.chapter08.Ch0813
ADDED from src/main/AndroidManifest.xml:141:9-149:20
	android:label
		ADDED from src/main/AndroidManifest.xml:143:13-48
	android:name
		ADDED from src/main/AndroidManifest.xml:142:13-68
activity#jp.co.se.android.recipe.chapter08.Ch0814
ADDED from src/main/AndroidManifest.xml:150:9-158:20
	android:label
		ADDED from src/main/AndroidManifest.xml:152:13-48
	android:name
		ADDED from src/main/AndroidManifest.xml:151:13-68
activity#jp.co.se.android.recipe.chapter08.Ch0815
ADDED from src/main/AndroidManifest.xml:159:9-167:20
	android:label
		ADDED from src/main/AndroidManifest.xml:161:13-48
	android:name
		ADDED from src/main/AndroidManifest.xml:160:13-68
activity#jp.co.se.android.recipe.chapter08.Ch0816
ADDED from src/main/AndroidManifest.xml:168:9-176:20
	android:label
		ADDED from src/main/AndroidManifest.xml:170:13-48
	android:name
		ADDED from src/main/AndroidManifest.xml:169:13-68
activity#jp.co.se.android.recipe.chapter08.Ch0817
ADDED from src/main/AndroidManifest.xml:177:9-185:20
	android:label
		ADDED from src/main/AndroidManifest.xml:179:13-48
	android:name
		ADDED from src/main/AndroidManifest.xml:178:13-68